{"C:\\Users\\HP\\OneDrive\\Escritorio\\erp adm proyectos y tareas\\erp-backend\\config\\database.js": {"path":"C:\\Users\\HP\\OneDrive\\Escritorio\\erp adm proyectos y tareas\\erp-backend\\config\\database.js","statementMap":{"0":{"start":{"line":1,"column":22},"end":{"line":1,"column":42}},"1":{"start":{"line":3,"column":34},"end":{"line":30,"column":1}},"2":{"start":{"line":4,"column":2},"end":{"line":4,"column":27}},"3":{"start":{"line":5,"column":2},"end":{"line":5,"column":27}},"4":{"start":{"line":6,"column":20},"end":{"line":20,"column":4}},"5":{"start":{"line":22,"column":2},"end":{"line":29,"column":3}},"6":{"start":{"line":23,"column":4},"end":{"line":23,"column":35}},"7":{"start":{"line":24,"column":4},"end":{"line":24,"column":58}},"8":{"start":{"line":25,"column":4},"end":{"line":25,"column":21}},"9":{"start":{"line":27,"column":4},"end":{"line":27,"column":79}},"10":{"start":{"line":28,"column":4},"end":{"line":28,"column":16}},"11":{"start":{"line":32,"column":0},"end":{"line":32,"column":43}}},"fnMap":{"0":{"name":"(anonymous_0)","decl":{"start":{"line":3,"column":34},"end":{"line":3,"column":35}},"loc":{"start":{"line":3,"column":58},"end":{"line":30,"column":1}},"line":3}},"branchMap":{},"s":{"0":2,"1":2,"2":2,"3":2,"4":2,"5":2,"6":2,"7":1,"8":1,"9":1,"10":1,"11":2},"f":{"0":2},"b":{},"_coverageSchema":"1a1c01bbd47fc00a2c39e90264f33305004495a9","hash":"a3477e517b0006dfbcc9f7dbe51773ae05db0a4d"}
,"C:\\Users\\HP\\OneDrive\\Escritorio\\erp adm proyectos y tareas\\erp-backend\\controllers\\proyectoController.js": {"path":"C:\\Users\\HP\\OneDrive\\Escritorio\\erp adm proyectos y tareas\\erp-backend\\controllers\\proyectoController.js","statementMap":{"0":{"start":{"line":1,"column":33},"end":{"line":1,"column":81}},"1":{"start":{"line":2,"column":36},"end":{"line":2,"column":87}},"2":{"start":{"line":3,"column":34},"end":{"line":3,"column":80}},"3":{"start":{"line":4,"column":36},"end":{"line":4,"column":84}},"4":{"start":{"line":5,"column":35},"end":{"line":5,"column":86}},"5":{"start":{"line":6,"column":22},"end":{"line":32,"column":1}},"6":{"start":{"line":7,"column":84},"end":{"line":7,"column":92}},"7":{"start":{"line":8,"column":2},"end":{"line":10,"column":3}},"8":{"start":{"line":9,"column":4},"end":{"line":9,"column":76}},"9":{"start":{"line":11,"column":2},"end":{"line":31,"column":3}},"10":{"start":{"line":12,"column":22},"end":{"line":20,"column":6}},"11":{"start":{"line":21,"column":4},"end":{"line":24,"column":7}},"12":{"start":{"line":26,"column":4},"end":{"line":26,"column":56}},"13":{"start":{"line":27,"column":4},"end":{"line":30,"column":7}},"14":{"start":{"line":33,"column":25},"end":{"line":47,"column":1}},"15":{"start":{"line":34,"column":39},"end":{"line":34,"column":47}},"16":{"start":{"line":36,"column":2},"end":{"line":38,"column":3}},"17":{"start":{"line":37,"column":4},"end":{"line":37,"column":89}},"18":{"start":{"line":40,"column":2},"end":{"line":46,"column":3}},"19":{"start":{"line":41,"column":22},"end":{"line":41,"column":81}},"20":{"start":{"line":42,"column":4},"end":{"line":42,"column":43}},"21":{"start":{"line":44,"column":4},"end":{"line":44,"column":60}},"22":{"start":{"line":45,"column":4},"end":{"line":45,"column":111}},"23":{"start":{"line":48,"column":23},"end":{"line":71,"column":1}},"24":{"start":{"line":49,"column":84},"end":{"line":49,"column":92}},"25":{"start":{"line":50,"column":2},"end":{"line":52,"column":3}},"26":{"start":{"line":51,"column":4},"end":{"line":51,"column":76}},"27":{"start":{"line":54,"column":2},"end":{"line":70,"column":3}},"28":{"start":{"line":55,"column":4},"end":{"line":64,"column":7}},"29":{"start":{"line":66,"column":4},"end":{"line":66,"column":82}},"30":{"start":{"line":68,"column":4},"end":{"line":68,"column":57}},"31":{"start":{"line":69,"column":4},"end":{"line":69,"column":108}},"32":{"start":{"line":72,"column":25},"end":{"line":84,"column":1}},"33":{"start":{"line":73,"column":31},"end":{"line":73,"column":39}},"34":{"start":{"line":74,"column":2},"end":{"line":76,"column":3}},"35":{"start":{"line":75,"column":4},"end":{"line":75,"column":76}},"36":{"start":{"line":77,"column":2},"end":{"line":83,"column":3}},"37":{"start":{"line":78,"column":4},"end":{"line":78,"column":69}},"38":{"start":{"line":79,"column":4},"end":{"line":79,"column":81}},"39":{"start":{"line":81,"column":4},"end":{"line":81,"column":59}},"40":{"start":{"line":82,"column":4},"end":{"line":82,"column":110}},"41":{"start":{"line":85,"column":25},"end":{"line":98,"column":1}},"42":{"start":{"line":86,"column":31},"end":{"line":86,"column":39}},"43":{"start":{"line":87,"column":22},"end":{"line":87,"column":24}},"44":{"start":{"line":88,"column":2},"end":{"line":90,"column":3}},"45":{"start":{"line":89,"column":4},"end":{"line":89,"column":76}},"46":{"start":{"line":91,"column":2},"end":{"line":97,"column":3}},"47":{"start":{"line":92,"column":22},"end":{"line":92,"column":82}},"48":{"start":{"line":93,"column":4},"end":{"line":93,"column":56}},"49":{"start":{"line":95,"column":4},"end":{"line":95,"column":59}},"50":{"start":{"line":96,"column":4},"end":{"line":96,"column":101}},"51":{"start":{"line":99,"column":0},"end":{"line":101,"column":2}}},"fnMap":{"0":{"name":"(anonymous_0)","decl":{"start":{"line":6,"column":22},"end":{"line":6,"column":23}},"loc":{"start":{"line":6,"column":42},"end":{"line":32,"column":1}},"line":6},"1":{"name":"(anonymous_1)","decl":{"start":{"line":33,"column":25},"end":{"line":33,"column":26}},"loc":{"start":{"line":33,"column":45},"end":{"line":47,"column":1}},"line":33},"2":{"name":"(anonymous_2)","decl":{"start":{"line":48,"column":23},"end":{"line":48,"column":24}},"loc":{"start":{"line":48,"column":43},"end":{"line":71,"column":1}},"line":48},"3":{"name":"(anonymous_3)","decl":{"start":{"line":72,"column":25},"end":{"line":72,"column":26}},"loc":{"start":{"line":72,"column":45},"end":{"line":84,"column":1}},"line":72},"4":{"name":"(anonymous_4)","decl":{"start":{"line":85,"column":25},"end":{"line":85,"column":26}},"loc":{"start":{"line":85,"column":45},"end":{"line":98,"column":1}},"line":85}},"branchMap":{"0":{"loc":{"start":{"line":8,"column":2},"end":{"line":10,"column":3}},"type":"if","locations":[{"start":{"line":8,"column":2},"end":{"line":10,"column":3}},{"start":{},"end":{}}],"line":8},"1":{"loc":{"start":{"line":8,"column":6},"end":{"line":8,"column":49}},"type":"binary-expr","locations":[{"start":{"line":8,"column":6},"end":{"line":8,"column":12}},{"start":{"line":8,"column":16},"end":{"line":8,"column":22}},{"start":{"line":8,"column":26},"end":{"line":8,"column":33}},{"start":{"line":8,"column":37},"end":{"line":8,"column":49}}],"line":8},"2":{"loc":{"start":{"line":29,"column":13},"end":{"line":29,"column":35}},"type":"binary-expr","locations":[{"start":{"line":29,"column":13},"end":{"line":29,"column":26}},{"start":{"line":29,"column":30},"end":{"line":29,"column":35}}],"line":29},"3":{"loc":{"start":{"line":36,"column":2},"end":{"line":38,"column":3}},"type":"if","locations":[{"start":{"line":36,"column":2},"end":{"line":38,"column":3}},{"start":{},"end":{}}],"line":36},"4":{"loc":{"start":{"line":36,"column":6},"end":{"line":36,"column":37}},"type":"binary-expr","locations":[{"start":{"line":36,"column":6},"end":{"line":36,"column":12}},{"start":{"line":36,"column":16},"end":{"line":36,"column":22}},{"start":{"line":36,"column":26},"end":{"line":36,"column":37}}],"line":36},"5":{"loc":{"start":{"line":45,"column":85},"end":{"line":45,"column":107}},"type":"binary-expr","locations":[{"start":{"line":45,"column":85},"end":{"line":45,"column":98}},{"start":{"line":45,"column":102},"end":{"line":45,"column":107}}],"line":45},"6":{"loc":{"start":{"line":50,"column":2},"end":{"line":52,"column":3}},"type":"if","locations":[{"start":{"line":50,"column":2},"end":{"line":52,"column":3}},{"start":{},"end":{}}],"line":50},"7":{"loc":{"start":{"line":50,"column":6},"end":{"line":50,"column":56}},"type":"binary-expr","locations":[{"start":{"line":50,"column":6},"end":{"line":50,"column":12}},{"start":{"line":50,"column":16},"end":{"line":50,"column":22}},{"start":{"line":50,"column":26},"end":{"line":50,"column":29}},{"start":{"line":50,"column":33},"end":{"line":50,"column":40}},{"start":{"line":50,"column":44},"end":{"line":50,"column":56}}],"line":50},"8":{"loc":{"start":{"line":69,"column":82},"end":{"line":69,"column":104}},"type":"binary-expr","locations":[{"start":{"line":69,"column":82},"end":{"line":69,"column":95}},{"start":{"line":69,"column":99},"end":{"line":69,"column":104}}],"line":69},"9":{"loc":{"start":{"line":74,"column":2},"end":{"line":76,"column":3}},"type":"if","locations":[{"start":{"line":74,"column":2},"end":{"line":76,"column":3}},{"start":{},"end":{}}],"line":74},"10":{"loc":{"start":{"line":74,"column":6},"end":{"line":74,"column":29}},"type":"binary-expr","locations":[{"start":{"line":74,"column":6},"end":{"line":74,"column":12}},{"start":{"line":74,"column":16},"end":{"line":74,"column":22}},{"start":{"line":74,"column":26},"end":{"line":74,"column":29}}],"line":74},"11":{"loc":{"start":{"line":82,"column":84},"end":{"line":82,"column":106}},"type":"binary-expr","locations":[{"start":{"line":82,"column":84},"end":{"line":82,"column":97}},{"start":{"line":82,"column":101},"end":{"line":82,"column":106}}],"line":82},"12":{"loc":{"start":{"line":88,"column":2},"end":{"line":90,"column":3}},"type":"if","locations":[{"start":{"line":88,"column":2},"end":{"line":90,"column":3}},{"start":{},"end":{}}],"line":88},"13":{"loc":{"start":{"line":88,"column":6},"end":{"line":88,"column":38}},"type":"binary-expr","locations":[{"start":{"line":88,"column":6},"end":{"line":88,"column":12}},{"start":{"line":88,"column":16},"end":{"line":88,"column":22}},{"start":{"line":88,"column":26},"end":{"line":88,"column":38}}],"line":88}},"s":{"0":1,"1":1,"2":1,"3":1,"4":1,"5":1,"6":1,"7":1,"8":0,"9":1,"10":1,"11":1,"12":0,"13":0,"14":1,"15":1,"16":1,"17":0,"18":1,"19":1,"20":1,"21":0,"22":0,"23":1,"24":1,"25":1,"26":0,"27":1,"28":1,"29":1,"30":0,"31":0,"32":1,"33":1,"34":1,"35":0,"36":1,"37":1,"38":1,"39":0,"40":0,"41":1,"42":1,"43":1,"44":1,"45":0,"46":1,"47":1,"48":1,"49":0,"50":0,"51":1},"f":{"0":1,"1":1,"2":1,"3":1,"4":1},"b":{"0":[0,1],"1":[1,1,1,1],"2":[0,0],"3":[0,1],"4":[1,1,1],"5":[0,0],"6":[0,1],"7":[1,1,1,1,1],"8":[0,0],"9":[0,1],"10":[1,1,1],"11":[0,0],"12":[0,1],"13":[1,1,1]},"_coverageSchema":"1a1c01bbd47fc00a2c39e90264f33305004495a9","hash":"80feb6017c9207ec8f784ee6d1f4ddad90ae467a"}
,"C:\\Users\\HP\\OneDrive\\Escritorio\\erp adm proyectos y tareas\\erp-backend\\controllers\\usuarioController.js": {"path":"C:\\Users\\HP\\OneDrive\\Escritorio\\erp adm proyectos y tareas\\erp-backend\\controllers\\usuarioController.js","statementMap":{"0":{"start":{"line":1,"column":15},"end":{"line":1,"column":32}},"1":{"start":{"line":2,"column":24},"end":{"line":2,"column":69}},"2":{"start":{"line":3,"column":25},"end":{"line":3,"column":68}},"3":{"start":{"line":4,"column":28},"end":{"line":4,"column":74}},"4":{"start":{"line":5,"column":28},"end":{"line":5,"column":71}},"5":{"start":{"line":6,"column":29},"end":{"line":6,"column":73}},"6":{"start":{"line":7,"column":31},"end":{"line":20,"column":1}},"7":{"start":{"line":8,"column":2},"end":{"line":19,"column":3}},"8":{"start":{"line":9,"column":22},"end":{"line":9,"column":57}},"9":{"start":{"line":10,"column":4},"end":{"line":13,"column":7}},"10":{"start":{"line":15,"column":4},"end":{"line":15,"column":62}},"11":{"start":{"line":16,"column":4},"end":{"line":18,"column":7}},"12":{"start":{"line":21,"column":32},"end":{"line":32,"column":1}},"13":{"start":{"line":22,"column":2},"end":{"line":31,"column":3}},"14":{"start":{"line":23,"column":31},"end":{"line":23,"column":67}},"15":{"start":{"line":24,"column":4},"end":{"line":27,"column":7}},"16":{"start":{"line":29,"column":4},"end":{"line":29,"column":60}},"17":{"start":{"line":30,"column":4},"end":{"line":30,"column":97}},"18":{"start":{"line":33,"column":31},"end":{"line":41,"column":1}},"19":{"start":{"line":34,"column":2},"end":{"line":40,"column":3}},"20":{"start":{"line":35,"column":4},"end":{"line":35,"column":23}},"21":{"start":{"line":36,"column":22},"end":{"line":36,"column":50}},"22":{"start":{"line":37,"column":4},"end":{"line":37,"column":43}},"23":{"start":{"line":39,"column":4},"end":{"line":39,"column":60}},"24":{"start":{"line":43,"column":34},"end":{"line":50,"column":1}},"25":{"start":{"line":44,"column":2},"end":{"line":49,"column":3}},"26":{"start":{"line":45,"column":22},"end":{"line":45,"column":53}},"27":{"start":{"line":46,"column":4},"end":{"line":46,"column":43}},"28":{"start":{"line":48,"column":4},"end":{"line":48,"column":60}},"29":{"start":{"line":51,"column":34},"end":{"line":66,"column":1}},"30":{"start":{"line":52,"column":27},"end":{"line":52,"column":35}},"31":{"start":{"line":54,"column":2},"end":{"line":65,"column":3}},"32":{"start":{"line":55,"column":21},"end":{"line":55,"column":60}},"33":{"start":{"line":57,"column":4},"end":{"line":60,"column":7}},"34":{"start":{"line":62,"column":4},"end":{"line":64,"column":7}},"35":{"start":{"line":69,"column":0},"end":{"line":69,"column":146}}},"fnMap":{"0":{"name":"(anonymous_0)","decl":{"start":{"line":7,"column":31},"end":{"line":7,"column":32}},"loc":{"start":{"line":7,"column":51},"end":{"line":20,"column":1}},"line":7},"1":{"name":"(anonymous_1)","decl":{"start":{"line":21,"column":32},"end":{"line":21,"column":33}},"loc":{"start":{"line":21,"column":52},"end":{"line":32,"column":1}},"line":21},"2":{"name":"(anonymous_2)","decl":{"start":{"line":33,"column":31},"end":{"line":33,"column":32}},"loc":{"start":{"line":33,"column":51},"end":{"line":41,"column":1}},"line":33},"3":{"name":"(anonymous_3)","decl":{"start":{"line":43,"column":34},"end":{"line":43,"column":35}},"loc":{"start":{"line":43,"column":54},"end":{"line":50,"column":1}},"line":43},"4":{"name":"(anonymous_4)","decl":{"start":{"line":51,"column":34},"end":{"line":51,"column":35}},"loc":{"start":{"line":51,"column":54},"end":{"line":66,"column":1}},"line":51}},"branchMap":{"0":{"loc":{"start":{"line":17,"column":15},"end":{"line":17,"column":60}},"type":"binary-expr","locations":[{"start":{"line":17,"column":15},"end":{"line":17,"column":28}},{"start":{"line":17,"column":32},"end":{"line":17,"column":60}}],"line":17},"1":{"loc":{"start":{"line":30,"column":43},"end":{"line":30,"column":93}},"type":"binary-expr","locations":[{"start":{"line":30,"column":43},"end":{"line":30,"column":56}},{"start":{"line":30,"column":60},"end":{"line":30,"column":93}}],"line":30},"2":{"loc":{"start":{"line":62,"column":22},"end":{"line":62,"column":41}},"type":"binary-expr","locations":[{"start":{"line":62,"column":22},"end":{"line":62,"column":34}},{"start":{"line":62,"column":38},"end":{"line":62,"column":41}}],"line":62},"3":{"loc":{"start":{"line":63,"column":15},"end":{"line":63,"column":61}},"type":"binary-expr","locations":[{"start":{"line":63,"column":15},"end":{"line":63,"column":28}},{"start":{"line":63,"column":32},"end":{"line":63,"column":61}}],"line":63}},"s":{"0":1,"1":1,"2":1,"3":1,"4":1,"5":1,"6":1,"7":2,"8":2,"9":1,"10":1,"11":1,"12":1,"13":2,"14":2,"15":1,"16":1,"17":1,"18":1,"19":0,"20":0,"21":0,"22":0,"23":0,"24":1,"25":0,"26":0,"27":0,"28":0,"29":1,"30":2,"31":2,"32":2,"33":1,"34":1,"35":1},"f":{"0":2,"1":2,"2":0,"3":0,"4":2},"b":{"0":[1,0],"1":[1,0],"2":[1,0],"3":[1,0]},"_coverageSchema":"1a1c01bbd47fc00a2c39e90264f33305004495a9","hash":"f74a804207c0a3a97bbef5ce3da21a743ce568ad"}
,"C:\\Users\\HP\\OneDrive\\Escritorio\\erp adm proyectos y tareas\\erp-backend\\infraestructure\\email\\nodemailerService.js": {"path":"C:\\Users\\HP\\OneDrive\\Escritorio\\erp adm proyectos y tareas\\erp-backend\\infraestructure\\email\\nodemailerService.js","statementMap":{"0":{"start":{"line":1,"column":19},"end":{"line":1,"column":40}},"1":{"start":{"line":3,"column":20},"end":{"line":9,"column":2}},"2":{"start":{"line":11,"column":30},"end":{"line":18,"column":1}},"3":{"start":{"line":12,"column":2},"end":{"line":17,"column":5}},"4":{"start":{"line":20,"column":0},"end":{"line":20,"column":43}}},"fnMap":{"0":{"name":"(anonymous_0)","decl":{"start":{"line":11,"column":30},"end":{"line":11,"column":31}},"loc":{"start":{"line":11,"column":62},"end":{"line":18,"column":1}},"line":11}},"branchMap":{},"s":{"0":1,"1":1,"2":1,"3":0,"4":1},"f":{"0":0},"b":{},"_coverageSchema":"1a1c01bbd47fc00a2c39e90264f33305004495a9","hash":"ffad1aa15d059e192cbf70baf5a58292a229f9cd"}
,"C:\\Users\\HP\\OneDrive\\Escritorio\\erp adm proyectos y tareas\\erp-backend\\models\\usuario.js": {"path":"C:\\Users\\HP\\OneDrive\\Escritorio\\erp adm proyectos y tareas\\erp-backend\\models\\usuario.js","statementMap":{"0":{"start":{"line":1,"column":33},"end":{"line":1,"column":53}},"1":{"start":{"line":2,"column":34},"end":{"line":2,"column":63}},"2":{"start":{"line":5,"column":24},"end":{"line":57,"column":1}},"3":{"start":{"line":6,"column":20},"end":{"line":6,"column":71}},"4":{"start":{"line":8,"column":15},"end":{"line":54,"column":4}},"5":{"start":{"line":56,"column":2},"end":{"line":56,"column":14}},"6":{"start":{"line":59,"column":23},"end":{"line":77,"column":1}},"7":{"start":{"line":60,"column":51},"end":{"line":60,"column":62}},"8":{"start":{"line":62,"column":20},"end":{"line":62,"column":71}},"9":{"start":{"line":63,"column":15},"end":{"line":63,"column":56}},"10":{"start":{"line":66,"column":2},"end":{"line":74,"column":3}},"11":{"start":{"line":67,"column":4},"end":{"line":69,"column":6}},"12":{"start":{"line":70,"column":4},"end":{"line":70,"column":71}},"13":{"start":{"line":72,"column":4},"end":{"line":72,"column":69}},"14":{"start":{"line":73,"column":4},"end":{"line":73,"column":66}},"15":{"start":{"line":76,"column":2},"end":{"line":76,"column":14}},"16":{"start":{"line":79,"column":0},"end":{"line":79,"column":53}}},"fnMap":{"0":{"name":"(anonymous_0)","decl":{"start":{"line":5,"column":24},"end":{"line":5,"column":25}},"loc":{"start":{"line":5,"column":54},"end":{"line":57,"column":1}},"line":5},"1":{"name":"(anonymous_1)","decl":{"start":{"line":59,"column":23},"end":{"line":59,"column":24}},"loc":{"start":{"line":59,"column":66},"end":{"line":77,"column":1}},"line":59}},"branchMap":{},"s":{"0":1,"1":1,"2":1,"3":0,"4":0,"5":0,"6":1,"7":0,"8":0,"9":0,"10":0,"11":0,"12":0,"13":0,"14":0,"15":0,"16":1},"f":{"0":0,"1":0},"b":{},"_coverageSchema":"1a1c01bbd47fc00a2c39e90264f33305004495a9","hash":"2291ba0787166df2d5e06b0c339602a465c9d19a"}
,"C:\\Users\\HP\\OneDrive\\Escritorio\\erp adm proyectos y tareas\\erp-backend\\routes\\proyectos.js": {"path":"C:\\Users\\HP\\OneDrive\\Escritorio\\erp adm proyectos y tareas\\erp-backend\\routes\\proyectos.js","statementMap":{"0":{"start":{"line":1,"column":16},"end":{"line":1,"column":34}},"1":{"start":{"line":2,"column":15},"end":{"line":2,"column":31}},"2":{"start":{"line":3,"column":27},"end":{"line":3,"column":71}},"3":{"start":{"line":4,"column":0},"end":{"line":4,"column":63}},"4":{"start":{"line":5,"column":0},"end":{"line":5,"column":57}},"5":{"start":{"line":6,"column":0},"end":{"line":6,"column":67}},"6":{"start":{"line":7,"column":0},"end":{"line":7,"column":71}},"7":{"start":{"line":8,"column":0},"end":{"line":8,"column":71}},"8":{"start":{"line":9,"column":0},"end":{"line":9,"column":24}}},"fnMap":{},"branchMap":{},"s":{"0":1,"1":1,"2":1,"3":1,"4":1,"5":1,"6":1,"7":1,"8":1},"f":{},"b":{},"_coverageSchema":"1a1c01bbd47fc00a2c39e90264f33305004495a9","hash":"a8a3cc9775a68cdf4fb21f78d893bb06aae7f2c5"}
,"C:\\Users\\HP\\OneDrive\\Escritorio\\erp adm proyectos y tareas\\erp-backend\\usecases\\usuario\\loginUsuario.js": {"path":"C:\\Users\\HP\\OneDrive\\Escritorio\\erp adm proyectos y tareas\\erp-backend\\usecases\\usuario\\loginUsuario.js","statementMap":{"0":{"start":{"line":1,"column":15},"end":{"line":1,"column":32}},"1":{"start":{"line":2,"column":28},"end":{"line":2,"column":59}},"2":{"start":{"line":3,"column":34},"end":{"line":3,"column":90}},"3":{"start":{"line":4,"column":26},"end":{"line":4,"column":35}},"4":{"start":{"line":5,"column":21},"end":{"line":38,"column":1}},"5":{"start":{"line":6,"column":2},"end":{"line":8,"column":3}},"6":{"start":{"line":7,"column":4},"end":{"line":7,"column":64}},"7":{"start":{"line":9,"column":15},"end":{"line":9,"column":49}},"8":{"start":{"line":10,"column":18},"end":{"line":10,"column":58}},"9":{"start":{"line":11,"column":2},"end":{"line":13,"column":3}},"10":{"start":{"line":12,"column":4},"end":{"line":12,"column":46}},"11":{"start":{"line":14,"column":29},"end":{"line":14,"column":69}},"12":{"start":{"line":15,"column":2},"end":{"line":17,"column":3}},"13":{"start":{"line":16,"column":4},"end":{"line":16,"column":46}},"14":{"start":{"line":18,"column":2},"end":{"line":26,"column":3}},"15":{"start":{"line":19,"column":27},"end":{"line":19,"column":81}},"16":{"start":{"line":20,"column":4},"end":{"line":20,"column":76}},"17":{"start":{"line":21,"column":4},"end":{"line":23,"column":22}},"18":{"start":{"line":22,"column":6},"end":{"line":22,"column":47}},"19":{"start":{"line":24,"column":4},"end":{"line":24,"column":55}},"20":{"start":{"line":25,"column":4},"end":{"line":25,"column":52}},"21":{"start":{"line":27,"column":2},"end":{"line":37,"column":4}},"22":{"start":{"line":39,"column":0},"end":{"line":39,"column":53}}},"fnMap":{"0":{"name":"(anonymous_0)","decl":{"start":{"line":5,"column":21},"end":{"line":5,"column":22}},"loc":{"start":{"line":5,"column":56},"end":{"line":38,"column":1}},"line":5},"1":{"name":"(anonymous_1)","decl":{"start":{"line":21,"column":15},"end":{"line":21,"column":16}},"loc":{"start":{"line":21,"column":21},"end":{"line":23,"column":5}},"line":21}},"branchMap":{"0":{"loc":{"start":{"line":6,"column":2},"end":{"line":8,"column":3}},"type":"if","locations":[{"start":{"line":6,"column":2},"end":{"line":8,"column":3}},{"start":{},"end":{}}],"line":6},"1":{"loc":{"start":{"line":6,"column":6},"end":{"line":6,"column":21}},"type":"binary-expr","locations":[{"start":{"line":6,"column":6},"end":{"line":6,"column":12}},{"start":{"line":6,"column":16},"end":{"line":6,"column":21}}],"line":6},"2":{"loc":{"start":{"line":11,"column":2},"end":{"line":13,"column":3}},"type":"if","locations":[{"start":{"line":11,"column":2},"end":{"line":13,"column":3}},{"start":{},"end":{}}],"line":11},"3":{"loc":{"start":{"line":15,"column":2},"end":{"line":17,"column":3}},"type":"if","locations":[{"start":{"line":15,"column":2},"end":{"line":17,"column":3}},{"start":{},"end":{}}],"line":15},"4":{"loc":{"start":{"line":18,"column":2},"end":{"line":26,"column":3}},"type":"if","locations":[{"start":{"line":18,"column":2},"end":{"line":26,"column":3}},{"start":{},"end":{}}],"line":18},"5":{"loc":{"start":{"line":18,"column":6},"end":{"line":18,"column":42}},"type":"binary-expr","locations":[{"start":{"line":18,"column":6},"end":{"line":18,"column":21}},{"start":{"line":18,"column":25},"end":{"line":18,"column":42}}],"line":18}},"s":{"0":1,"1":1,"2":1,"3":1,"4":1,"5":0,"6":0,"7":0,"8":0,"9":0,"10":0,"11":0,"12":0,"13":0,"14":0,"15":0,"16":0,"17":0,"18":0,"19":0,"20":0,"21":0,"22":1},"f":{"0":0,"1":0},"b":{"0":[0,0],"1":[0,0],"2":[0,0],"3":[0,0],"4":[0,0],"5":[0,0]},"_coverageSchema":"1a1c01bbd47fc00a2c39e90264f33305004495a9","hash":"8b4070f1781a0876ea01bc34553191d8a5ce5126"}
,"C:\\Users\\HP\\OneDrive\\Escritorio\\erp adm proyectos y tareas\\erp-backend\\usecases\\usuario\\verificarCodigo.js": {"path":"C:\\Users\\HP\\OneDrive\\Escritorio\\erp adm proyectos y tareas\\erp-backend\\usecases\\usuario\\verificarCodigo.js","statementMap":{"0":{"start":{"line":1,"column":15},"end":{"line":1,"column":32}},"1":{"start":{"line":2,"column":28},"end":{"line":2,"column":59}},"2":{"start":{"line":3,"column":30},"end":{"line":3,"column":55}},"3":{"start":{"line":4,"column":24},"end":{"line":36,"column":1}},"4":{"start":{"line":5,"column":2},"end":{"line":7,"column":3}},"5":{"start":{"line":6,"column":4},"end":{"line":6,"column":62}},"6":{"start":{"line":8,"column":16},"end":{"line":10,"column":3}},"7":{"start":{"line":9,"column":20},"end":{"line":9,"column":57}},"8":{"start":{"line":11,"column":2},"end":{"line":13,"column":3}},"9":{"start":{"line":12,"column":4},"end":{"line":12,"column":69}},"10":{"start":{"line":14,"column":15},"end":{"line":14,"column":49}},"11":{"start":{"line":15,"column":18},"end":{"line":15,"column":58}},"12":{"start":{"line":16,"column":2},"end":{"line":18,"column":3}},"13":{"start":{"line":17,"column":4},"end":{"line":17,"column":46}},"14":{"start":{"line":19,"column":29},"end":{"line":19,"column":69}},"15":{"start":{"line":20,"column":2},"end":{"line":22,"column":3}},"16":{"start":{"line":21,"column":4},"end":{"line":21,"column":46}},"17":{"start":{"line":23,"column":2},"end":{"line":23,"column":35}},"18":{"start":{"line":24,"column":2},"end":{"line":35,"column":4}},"19":{"start":{"line":37,"column":0},"end":{"line":37,"column":37}}},"fnMap":{"0":{"name":"(anonymous_0)","decl":{"start":{"line":4,"column":24},"end":{"line":4,"column":25}},"loc":{"start":{"line":4,"column":59},"end":{"line":36,"column":1}},"line":4},"1":{"name":"(anonymous_1)","decl":{"start":{"line":9,"column":4},"end":{"line":9,"column":5}},"loc":{"start":{"line":9,"column":20},"end":{"line":9,"column":57}},"line":9}},"branchMap":{"0":{"loc":{"start":{"line":5,"column":2},"end":{"line":7,"column":3}},"type":"if","locations":[{"start":{"line":5,"column":2},"end":{"line":7,"column":3}},{"start":{},"end":{}}],"line":5},"1":{"loc":{"start":{"line":5,"column":6},"end":{"line":5,"column":32}},"type":"binary-expr","locations":[{"start":{"line":5,"column":6},"end":{"line":5,"column":13}},{"start":{"line":5,"column":17},"end":{"line":5,"column":23}},{"start":{"line":5,"column":27},"end":{"line":5,"column":32}}],"line":5},"2":{"loc":{"start":{"line":9,"column":20},"end":{"line":9,"column":57}},"type":"binary-expr","locations":[{"start":{"line":9,"column":20},"end":{"line":9,"column":34}},{"start":{"line":9,"column":38},"end":{"line":9,"column":57}}],"line":9},"3":{"loc":{"start":{"line":11,"column":2},"end":{"line":13,"column":3}},"type":"if","locations":[{"start":{"line":11,"column":2},"end":{"line":13,"column":3}},{"start":{},"end":{}}],"line":11},"4":{"loc":{"start":{"line":16,"column":2},"end":{"line":18,"column":3}},"type":"if","locations":[{"start":{"line":16,"column":2},"end":{"line":18,"column":3}},{"start":{},"end":{}}],"line":16},"5":{"loc":{"start":{"line":20,"column":2},"end":{"line":22,"column":3}},"type":"if","locations":[{"start":{"line":20,"column":2},"end":{"line":22,"column":3}},{"start":{},"end":{}}],"line":20}},"s":{"0":1,"1":1,"2":1,"3":1,"4":0,"5":0,"6":0,"7":0,"8":0,"9":0,"10":0,"11":0,"12":0,"13":0,"14":0,"15":0,"16":0,"17":0,"18":0,"19":1},"f":{"0":0,"1":0},"b":{"0":[0,0],"1":[0,0,0],"2":[0,0],"3":[0,0],"4":[0,0],"5":[0,0]},"_coverageSchema":"1a1c01bbd47fc00a2c39e90264f33305004495a9","hash":"edfe33cd4203f0484d0efb7935c1356e588ce4c5"}
}
