TN:
SF:config\database.js
FN:3,(anonymous_0)
FNF:1
FNH:1
FNDA:2,(anonymous_0)
DA:1,2
DA:3,2
DA:4,2
DA:5,2
DA:6,2
DA:22,2
DA:23,2
DA:24,1
DA:25,1
DA:27,1
DA:28,1
DA:32,2
LF:12
LH:12
BRF:0
BRH:0
end_of_record
TN:
SF:controllers\proyectoController.js
FN:6,(anonymous_0)
FN:33,(anonymous_1)
FN:48,(anonymous_2)
FN:72,(anonymous_3)
FN:85,(anonymous_4)
FNF:5
FNH:5
FNDA:1,(anonymous_0)
FNDA:1,(anonymous_1)
FNDA:1,(anonymous_2)
FNDA:1,(anonymous_3)
FNDA:1,(anonymous_4)
DA:1,1
DA:2,1
DA:3,1
DA:4,1
DA:5,1
DA:6,1
DA:7,1
DA:8,1
DA:9,0
DA:11,1
DA:12,1
DA:21,1
DA:26,0
DA:27,0
DA:33,1
DA:34,1
DA:36,1
DA:37,0
DA:40,1
DA:41,1
DA:42,1
DA:44,0
DA:45,0
DA:48,1
DA:49,1
DA:50,1
DA:51,0
DA:54,1
DA:55,1
DA:66,1
DA:68,0
DA:69,0
DA:72,1
DA:73,1
DA:74,1
DA:75,0
DA:77,1
DA:78,1
DA:79,1
DA:81,0
DA:82,0
DA:85,1
DA:86,1
DA:87,1
DA:88,1
DA:89,0
DA:91,1
DA:92,1
DA:93,1
DA:95,0
DA:96,0
DA:99,1
LF:52
LH:37
BRDA:8,0,0,0
BRDA:8,0,1,1
BRDA:8,1,0,1
BRDA:8,1,1,1
BRDA:8,1,2,1
BRDA:8,1,3,1
BRDA:29,2,0,0
BRDA:29,2,1,0
BRDA:36,3,0,0
BRDA:36,3,1,1
BRDA:36,4,0,1
BRDA:36,4,1,1
BRDA:36,4,2,1
BRDA:45,5,0,0
BRDA:45,5,1,0
BRDA:50,6,0,0
BRDA:50,6,1,1
BRDA:50,7,0,1
BRDA:50,7,1,1
BRDA:50,7,2,1
BRDA:50,7,3,1
BRDA:50,7,4,1
BRDA:69,8,0,0
BRDA:69,8,1,0
BRDA:74,9,0,0
BRDA:74,9,1,1
BRDA:74,10,0,1
BRDA:74,10,1,1
BRDA:74,10,2,1
BRDA:82,11,0,0
BRDA:82,11,1,0
BRDA:88,12,0,0
BRDA:88,12,1,1
BRDA:88,13,0,1
BRDA:88,13,1,1
BRDA:88,13,2,1
BRF:36
BRH:23
end_of_record
TN:
SF:controllers\usuarioController.js
FN:7,(anonymous_0)
FN:21,(anonymous_1)
FN:33,(anonymous_2)
FN:43,(anonymous_3)
FN:51,(anonymous_4)
FNF:5
FNH:3
FNDA:2,(anonymous_0)
FNDA:2,(anonymous_1)
FNDA:0,(anonymous_2)
FNDA:0,(anonymous_3)
FNDA:2,(anonymous_4)
DA:1,1
DA:2,1
DA:3,1
DA:4,1
DA:5,1
DA:6,1
DA:7,1
DA:8,2
DA:9,2
DA:10,1
DA:15,1
DA:16,1
DA:21,1
DA:22,2
DA:23,2
DA:24,1
DA:29,1
DA:30,1
DA:33,1
DA:34,0
DA:35,0
DA:36,0
DA:37,0
DA:39,0
DA:43,1
DA:44,0
DA:45,0
DA:46,0
DA:48,0
DA:51,1
DA:52,2
DA:54,2
DA:55,2
DA:57,1
DA:62,1
DA:69,1
LF:36
LH:27
BRDA:17,0,0,1
BRDA:17,0,1,0
BRDA:30,1,0,1
BRDA:30,1,1,0
BRDA:62,2,0,1
BRDA:62,2,1,0
BRDA:63,3,0,1
BRDA:63,3,1,0
BRF:8
BRH:4
end_of_record
TN:
SF:infraestructure\email\nodemailerService.js
FN:11,(anonymous_0)
FNF:1
FNH:0
FNDA:0,(anonymous_0)
DA:1,1
DA:3,1
DA:11,1
DA:12,0
DA:20,1
LF:5
LH:4
BRF:0
BRH:0
end_of_record
TN:
SF:models\usuario.js
FN:5,(anonymous_0)
FN:59,(anonymous_1)
FNF:2
FNH:0
FNDA:0,(anonymous_0)
FNDA:0,(anonymous_1)
DA:1,1
DA:2,1
DA:5,1
DA:6,0
DA:8,0
DA:56,0
DA:59,1
DA:60,0
DA:62,0
DA:63,0
DA:66,0
DA:67,0
DA:70,0
DA:72,0
DA:73,0
DA:76,0
DA:79,1
LF:17
LH:5
BRF:0
BRH:0
end_of_record
TN:
SF:routes\proyectos.js
FNF:0
FNH:0
DA:1,1
DA:2,1
DA:3,1
DA:4,1
DA:5,1
DA:6,1
DA:7,1
DA:8,1
DA:9,1
LF:9
LH:9
BRF:0
BRH:0
end_of_record
TN:
SF:usecases\usuario\loginUsuario.js
FN:5,(anonymous_0)
FN:21,(anonymous_1)
FNF:2
FNH:0
FNDA:0,(anonymous_0)
FNDA:0,(anonymous_1)
DA:1,1
DA:2,1
DA:3,1
DA:4,1
DA:5,1
DA:6,0
DA:7,0
DA:9,0
DA:10,0
DA:11,0
DA:12,0
DA:14,0
DA:15,0
DA:16,0
DA:18,0
DA:19,0
DA:20,0
DA:21,0
DA:22,0
DA:24,0
DA:25,0
DA:27,0
DA:39,1
LF:23
LH:6
BRDA:6,0,0,0
BRDA:6,0,1,0
BRDA:6,1,0,0
BRDA:6,1,1,0
BRDA:11,2,0,0
BRDA:11,2,1,0
BRDA:15,3,0,0
BRDA:15,3,1,0
BRDA:18,4,0,0
BRDA:18,4,1,0
BRDA:18,5,0,0
BRDA:18,5,1,0
BRF:12
BRH:0
end_of_record
TN:
SF:usecases\usuario\verificarCodigo.js
FN:4,(anonymous_0)
FN:9,(anonymous_1)
FNF:2
FNH:0
FNDA:0,(anonymous_0)
FNDA:0,(anonymous_1)
DA:1,1
DA:2,1
DA:3,1
DA:4,1
DA:5,0
DA:6,0
DA:8,0
DA:9,0
DA:11,0
DA:12,0
DA:14,0
DA:15,0
DA:16,0
DA:17,0
DA:19,0
DA:20,0
DA:21,0
DA:23,0
DA:24,0
DA:37,1
LF:20
LH:5
BRDA:5,0,0,0
BRDA:5,0,1,0
BRDA:5,1,0,0
BRDA:5,1,1,0
BRDA:5,1,2,0
BRDA:9,2,0,0
BRDA:9,2,1,0
BRDA:11,3,0,0
BRDA:11,3,1,0
BRDA:16,4,0,0
BRDA:16,4,1,0
BRDA:20,5,0,0
BRDA:20,5,1,0
BRF:13
BRH:0
end_of_record
